\BOOKMARK [0][-]{chapter.1}{Introduzione}{}% 1
\BOOKMARK [1][-]{section.1.1}{Contesto}{chapter.1}% 2
\BOOKMARK [1][-]{section.1.2}{Motivazioni}{chapter.1}% 3
\BOOKMARK [1][-]{section.1.3}{Obiettivi}{chapter.1}% 4
\BOOKMARK [1][-]{section.1.4}{Link utili e installazione}{chapter.1}% 5
\BOOKMARK [2][-]{subsection.1.4.1}{Licenza}{section.1.4}% 6
\BOOKMARK [0][-]{chapter.2}{Progettazione}{}% 7
\BOOKMARK [1][-]{section.2.1}{Idea iniziale}{chapter.2}% 8
\BOOKMARK [1][-]{section.2.2}{Architettura}{chapter.2}% 9
\BOOKMARK [2][-]{subsection.2.2.1}{Socket}{section.2.2}% 10
\BOOKMARK [2][-]{subsection.2.2.2}{Sleave}{section.2.2}% 11
\BOOKMARK [2][-]{subsection.2.2.3}{Master}{section.2.2}% 12
\BOOKMARK [2][-]{subsection.2.2.4}{Compressione dati}{section.2.2}% 13
\BOOKMARK [2][-]{subsection.2.2.5}{Interfaccia utente}{section.2.2}% 14
\BOOKMARK [0][-]{chapter.3}{Sviluppo e implementazione}{}% 15
\BOOKMARK [1][-]{section.3.1}{Inizio dello sviluppo}{chapter.3}% 16
\BOOKMARK [1][-]{section.3.2}{Implementazione del codice}{chapter.3}% 17
\BOOKMARK [2][-]{subsection.3.2.1}{Scoprire i master nella rete}{section.3.2}% 18
\BOOKMARK [2][-]{subsection.3.2.2}{Connessione TCP}{section.3.2}% 19
\BOOKMARK [2][-]{subsection.3.2.3}{Ricezione del file}{section.3.2}% 20
\BOOKMARK [2][-]{subsection.3.2.4}{Argp e il parsing dei comandi}{section.3.2}% 21
\BOOKMARK [2][-]{subsection.3.2.5}{Chiamate di sistema}{section.3.2}% 22
\BOOKMARK [0][-]{chapter.4}{Valutazione e collaudo}{}% 23
\BOOKMARK [1][-]{section.4.1}{Testing sul campo}{chapter.4}% 24
\BOOKMARK [1][-]{section.4.2}{Valutazione e bug riscontrati}{chapter.4}% 25
\BOOKMARK [0][-]{chapter.5}{Conclusioni e lavoro futuro}{}% 26
\BOOKMARK [1][-]{section.5.1}{Lavoro futuro}{chapter.5}% 27
\BOOKMARK [1][-]{section.5.2}{Conclusioni}{chapter.5}% 28
