\BOOKMARK [0][-]{chapter.1}{Introduction}{}% 1
\BOOKMARK [1][-]{section.1.1}{Motivazione}{chapter.1}% 2
\BOOKMARK [1][-]{section.1.2}{Obiettivi}{chapter.1}% 3
\BOOKMARK [1][-]{section.1.3}{A bit of context}{chapter.1}% 4
\BOOKMARK [2][-]{subsection.1.3.1}{References}{section.1.3}% 5
\BOOKMARK [0][-]{chapter.2}{Progettazione}{}% 6
\BOOKMARK [1][-]{section.2.1}{Idea iniziale}{chapter.2}% 7
\BOOKMARK [1][-]{section.2.2}{Architettura}{chapter.2}% 8
\BOOKMARK [2][-]{subsection.2.2.1}{Topics you should review}{section.2.2}% 9
\BOOKMARK [2][-]{subsection.2.2.2}{Downloading}{section.2.2}% 10
\BOOKMARK [0][-]{chapter.3}{Sviluppo applicazione}{}% 11
\BOOKMARK [1][-]{section.3.1}{Implementazione}{chapter.3}% 12
\BOOKMARK [2][-]{subsection.3.1.1}{FITS files}{section.3.1}% 13
\BOOKMARK [2][-]{subsection.3.1.2}{WFC3 ERS M83 Data Products}{section.3.1}% 14
\BOOKMARK [1][-]{section.3.2}{Punti critici}{chapter.3}% 15
\BOOKMARK [1][-]{section.3.3}{Software available}{chapter.3}% 16
\BOOKMARK [0][-]{chapter.4}{Valutazione e collaudo}{}% 17
\BOOKMARK [1][-]{section.4.1}{Methods Selected}{chapter.4}% 18
\BOOKMARK [2][-]{subsection.4.1.1}{ESOM, Evolving Self Organizing Maps}{section.4.1}% 19
\BOOKMARK [2][-]{subsection.4.1.2}{CSOM}{section.4.1}% 20
\BOOKMARK [1][-]{section.4.2}{Further work}{chapter.4}% 21
\BOOKMARK [2][-]{subsection.4.2.1}{Some interesting ideas}{section.4.2}% 22
\BOOKMARK [2][-]{subsection.4.2.2}{Links you should check out}{section.4.2}% 23
